<?xml version="1.0" encoding="UTF-8"?>
<testng-results skipped="0" failed="0" total="1" passed="1">
  <reporter-output>
  </reporter-output>
  <suite name="Default suite" duration-ms="4018" started-at="2022-04-12T04:58:41Z" finished-at="2022-04-12T04:58:45Z">
    <groups>
    </groups>
    <test name="Default test" duration-ms="4018" started-at="2022-04-12T04:58:41Z" finished-at="2022-04-12T04:58:45Z">
      <class name="Dropdown.HandlingDropdown_1">
        <test-method status="PASS" signature="jspromptdemo()[pri:0, instance:Dropdown.HandlingDropdown_1@64c64813]" name="jspromptdemo" duration-ms="4008" started-at="2022-04-12T10:28:41Z" finished-at="2022-04-12T10:28:45Z">
          <reporter-output>
          </reporter-output>
        </test-method> <!-- jspromptdemo -->
      </class> <!-- Dropdown.HandlingDropdown_1 -->
    </test> <!-- Default test -->
  </suite> <!-- Default suite -->
</testng-results>
